<?xml version="1.0" encoding="UTF-8"?>
<testng-results total="1" passed="1" failed="0" skipped="0">
  <reporter-output>
  </reporter-output>
  <suite started-at="2022-09-30T08:07:16Z" name="org.example.TestExercise" finished-at="2022-09-30T08:07:31Z" duration-ms="14492">
    <groups>
    </groups>
    <test started-at="2022-09-30T08:07:16Z" name="Command line test" finished-at="2022-09-30T08:07:31Z" duration-ms="14492">
      <class name="org.example.TestExercise">
        <test-method is-config="true" signature="getPage()[pri:0, instance:org.example.TestExercise@3542162a]" started-at="2022-09-30T11:07:16Z" name="getPage" finished-at="2022-09-30T11:07:23Z" duration-ms="6339" status="PASS">
          <reporter-output>
          </reporter-output>
        </test-method> <!-- getPage -->
        <test-method signature="formControl()[pri:0, instance:org.example.TestExercise@3542162a]" started-at="2022-09-30T11:07:23Z" name="formControl" finished-at="2022-09-30T11:07:31Z" duration-ms="8145" status="PASS">
          <reporter-output>
          </reporter-output>
        </test-method> <!-- formControl -->
        <test-method is-config="true" signature="tearDown()[pri:0, instance:org.example.TestExercise@3542162a]" started-at="2022-09-30T11:07:31Z" name="tearDown" finished-at="2022-09-30T11:07:31Z" duration-ms="0" status="PASS">
          <reporter-output>
          </reporter-output>
        </test-method> <!-- tearDown -->
      </class> <!-- org.example.TestExercise -->
    </test> <!-- Command line test -->
  </suite> <!-- org.example.TestExercise -->
</testng-results>
